[    0.000000] Initializing cgroup subsys cpuset
[    0.000000] Initializing cgroup subsys cpu
[    0.000000] Initializing cgroup subsys cpuacct
[    0.000000] Linux version 4.4.0-184-generic (buildd@lgw01-amd64-060) (gcc version 5.4.0 20160609 (Ubuntu 5.4.0-6ubuntu1~16.04.12) ) #214-Ubuntu SMP Thu Jun 4 10:14:11 UTC 2020 (Ubuntu 4.4.0-184.214-generic 4.4.223)
[    0.000000] Command line: BOOT_IMAGE=/boot/vmlinuz-4.4.0-184-generic root=LABEL=cloudimg-rootfs ro console=tty1 console=ttyS0
[    0.000000] KERNEL supported cpus:
[    0.000000]   Intel GenuineIntel
[    0.000000]   AMD AuthenticAMD
[    0.000000]   Centaur CentaurHauls
[    0.000000] x86/fpu: xstate_offset[2]:  576, xstate_sizes[2]:  256
[    0.000000] x86/fpu: Supporting XSAVE feature 0x01: 'x87 floating point registers'
[    0.000000] x86/fpu: Supporting XSAVE feature 0x02: 'SSE registers'
[    0.000000] x86/fpu: Supporting XSAVE feature 0x04: 'AVX registers'
[    0.000000] x86/fpu: Enabled xstate features 0x7, context size is 832 bytes, using 'standard' format.
[    0.000000] e820: BIOS-provided physical RAM map:
[    0.000000] BIOS-e820: [mem 0x0000000000000000-0x000000000009fbff] usable
[    0.000000] BIOS-e820: [mem 0x000000000009fc00-0x000000000009ffff] reserved
[    0.000000] BIOS-e820: [mem 0x00000000000f0000-0x00000000000fffff] reserved
[    0.000000] BIOS-e820: [mem 0x0000000000100000-0x000000003ffeffff] usable
[    0.000000] BIOS-e820: [mem 0x000000003fff0000-0x000000003fffffff] ACPI data
[    0.000000] BIOS-e820: [mem 0x00000000fec00000-0x00000000fec00fff] reserved
[    0.000000] BIOS-e820: [mem 0x00000000fee00000-0x00000000fee00fff] reserved
[    0.000000] BIOS-e820: [mem 0x00000000fffc0000-0x00000000ffffffff] reserved
[    0.000000] NX (Execute Disable) protection: active
[    0.000000] SMBIOS 2.5 present.
[    0.000000] Hypervisor detected: KVM
[    0.000000] e820: last_pfn = 0x3fff0 max_arch_pfn = 0x400000000
[    0.000000] MTRR: Disabled
[    0.000000] x86/PAT: MTRRs disabled, skipping PAT initialization too.
[    0.000000] CPU MTRRs all blank - virtualized system.
[    0.000000] x86/PAT: Configuration [0-7]: WB  WT  UC- UC  WB  WT  UC- UC  
[    0.000000] found SMP MP-table at [mem 0x0009fff0-0x0009ffff] mapped at [ffff88000009fff0]
[    0.000000] Scanning 1 areas for low memory corruption
[    0.000000] RAMDISK: [mem 0x362dc000-0x37165fff]
[    0.000000] ACPI: Early table checksum verification disabled
[    0.000000] ACPI: RSDP 0x00000000000E0000 000024 (v02 VBOX  )
[    0.000000] ACPI: XSDT 0x000000003FFF0030 00003C (v01 VBOX   VBOXXSDT 00000001 ASL  00000061)
[    0.000000] ACPI: FACP 0x000000003FFF00F0 0000F4 (v04 VBOX   VBOXFACP 00000001 ASL  00000061)
[    0.000000] ACPI: DSDT 0x000000003FFF0470 0022EA (v02 VBOX   VBOXBIOS 00000002 INTL 20100528)
[    0.000000] ACPI: FACS 0x000000003FFF0200 000040
[    0.000000] ACPI: FACS 0x000000003FFF0200 000040
[    0.000000] ACPI: APIC 0x000000003FFF0240 00005C (v02 VBOX   VBOXAPIC 00000001 ASL  00000061)
[    0.000000] ACPI: SSDT 0x000000003FFF02A0 0001CC (v01 VBOX   VBOXCPUT 00000002 INTL 20100528)
[    0.000000] No NUMA configuration found
[    0.000000] Faking a node at [mem 0x0000000000000000-0x000000003ffeffff]
[    0.000000] NODE_DATA(0) allocated [mem 0x3ffeb000-0x3ffeffff]
[    0.000000] kvm-clock: Using msrs 4b564d01 and 4b564d00
[    0.000000] kvm-clock: cpu 0, msr 0:3ffe3001, primary cpu clock
[    0.000000] kvm-clock: using sched offset of 3699478900 cycles
[    0.000000] clocksource: kvm-clock: mask: 0xffffffffffffffff max_cycles: 0x1cd42e4dffb, max_idle_ns: 881590591483 ns
[    0.000000] Zone ranges:
[    0.000000]   DMA      [mem 0x0000000000001000-0x0000000000ffffff]
[    0.000000]   DMA32    [mem 0x0000000001000000-0x000000003ffeffff]
[    0.000000]   Normal   empty
[    0.000000]   Device   empty
[    0.000000] Movable zone start for each node
[    0.000000] Early memory node ranges
[    0.000000]   node   0: [mem 0x0000000000001000-0x000000000009efff]
[    0.000000]   node   0: [mem 0x0000000000100000-0x000000003ffeffff]
[    0.000000] Initmem setup node 0 [mem 0x0000000000001000-0x000000003ffeffff]
[    0.000000] ACPI: PM-Timer IO Port: 0x4008
[    0.000000] IOAPIC[0]: apic_id 2, version 32, address 0xfec00000, GSI 0-23
[    0.000000] ACPI: INT_SRC_OVR (bus 0 bus_irq 0 global_irq 2 dfl dfl)
[    0.000000] ACPI: INT_SRC_OVR (bus 0 bus_irq 9 global_irq 9 low level)
[    0.000000] Using ACPI (MADT) for SMP configuration information
[    0.000000] smpboot: Allowing 2 CPUs, 0 hotplug CPUs
[    0.000000] PM: Registered nosave memory: [mem 0x00000000-0x00000fff]
[    0.000000] PM: Registered nosave memory: [mem 0x0009f000-0x0009ffff]
[    0.000000] PM: Registered nosave memory: [mem 0x000a0000-0x000effff]
[    0.000000] PM: Registered nosave memory: [mem 0x000f0000-0x000fffff]
[    0.000000] e820: [mem 0x40000000-0xfebfffff] available for PCI devices
[    0.000000] Booting paravirtualized kernel on KVM
[    0.000000] clocksource: refined-jiffies: mask: 0xffffffff max_cycles: 0xffffffff, max_idle_ns: 7645519600211568 ns
[    0.000000] setup_percpu: NR_CPUS:512 nr_cpumask_bits:512 nr_cpu_ids:2 nr_node_ids:1
[    0.000000] PERCPU: Embedded 33 pages/cpu @ffff88003fc00000 s95448 r8192 d31528 u1048576
[    0.000000] Built 1 zonelists in Node order, mobility grouping on.  Total pages: 257912
[    0.000000] Policy zone: DMA32
[    0.000000] Kernel command line: BOOT_IMAGE=/boot/vmlinuz-4.4.0-184-generic root=LABEL=cloudimg-rootfs ro console=tty1 console=ttyS0
[    0.000000] PID hash table entries: 4096 (order: 3, 32768 bytes)
[    0.000000] Memory: 997660K/1048120K available (8632K kernel code, 1336K rwdata, 4036K rodata, 1492K init, 1292K bss, 50460K reserved, 0K cma-reserved)
[    0.000000] SLUB: HWalign=64, Order=0-3, MinObjects=0, CPUs=2, Nodes=1
[    0.000000] Kernel/User page tables isolation: enabled
[    0.000000] Hierarchical RCU implementation.
[    0.000000] 	Build-time adjustment of leaf fanout to 64.
[    0.000000] 	RCU restricting CPUs from NR_CPUS=512 to nr_cpu_ids=2.
[    0.000000] RCU: Adjusting geometry for rcu_fanout_leaf=64, nr_cpu_ids=2
[    0.000000] NR_IRQS:33024 nr_irqs:440 16
[    0.000000] Console: colour VGA+ 80x25
[    0.000000] console [tty1] enabled
[    0.000000] console [ttyS0] enabled
[    0.000000] tsc: Detected 3192.000 MHz processor
[    0.157273] Calibrating delay loop (skipped) preset value.. 6384.00 BogoMIPS (lpj=12768000)
[    0.158906] pid_max: default: 32768 minimum: 301
[    0.159789] ACPI: Core revision 20150930
[    0.162122] ACPI: 2 ACPI AML tables successfully acquired and loaded
[    0.163390] Security Framework initialized
[    0.164281] Yama: becoming mindful.
[    0.165070] AppArmor: AppArmor initialized
[    0.165960] Dentry cache hash table entries: 131072 (order: 8, 1048576 bytes)
[    0.169403] Inode-cache hash table entries: 65536 (order: 7, 524288 bytes)
[    0.170658] Mount-cache hash table entries: 2048 (order: 2, 16384 bytes)
[    0.171820] Mountpoint-cache hash table entries: 2048 (order: 2, 16384 bytes)
[    0.173167] Initializing cgroup subsys io
[    0.174059] Initializing cgroup subsys memory
[    0.174918] Initializing cgroup subsys devices
[    0.175770] Initializing cgroup subsys freezer
[    0.176659] Initializing cgroup subsys net_cls
[    0.177511] Initializing cgroup subsys perf_event
[    0.178418] Initializing cgroup subsys net_prio
[    0.179290] Initializing cgroup subsys hugetlb
[    0.180142] Initializing cgroup subsys pids
[    0.181891] mce: CPU supports 0 MCE banks
[    0.182737] Last level iTLB entries: 4KB 64, 2MB 8, 4MB 8
[    0.183717] Last level dTLB entries: 4KB 64, 2MB 0, 4MB 0, 1GB 4
[    0.184802] Spectre V1 : Mitigation: usercopy/swapgs barriers and __user pointer sanitization
[    0.186422] Spectre V2 : Mitigation: Full generic retpoline
[    0.187433] Spectre V2 : Spectre v2 / SpectreRSB mitigation: Filling RSB on context switch
[    0.189101] Speculative Store Bypass: Vulnerable
[    0.189967] SRBDS: Unknown: Dependent on hypervisor status
[    0.191085] MDS: Vulnerable: Clear CPU buffers attempted, no microcode
[    0.194564] Freeing SMP alternatives memory: 36K
[    0.200559] ftrace: allocating 32319 entries in 127 pages
[    0.253821] smpboot: APIC(0) Converting physical 0 to logical package 0
[    0.255076] smpboot: Max logical packages: 1
[    0.256186] x2apic enabled
[    0.257137] Switched APIC routing to physical x2apic.
[    0.259277] ..TIMER: vector=0x30 apic1=0 pin1=2 apic2=-1 pin2=-1
[    0.368464] smpboot: CPU0: Intel(R) Core(TM) i7-8700 CPU @ 3.20GHz (family: 0x6, model: 0x9e, stepping: 0xa)
[    0.370532] Performance Events: unsupported p6 CPU model 158 no PMU driver, software events only.
[    0.381339] KVM setup paravirtual spinlock
[    0.382692] x86: Booting SMP configuration:
[    0.383552] .... node  #0, CPUs:      #1
[    0.384498] kvm-clock: cpu 1, msr 0:3ffe3041, secondary cpu clock
[    0.386195] mce: CPU supports 0 MCE banks
[    0.388695] x86: Booted up 1 node, 2 CPUs
[    0.389741] smpboot: Total of 2 processors activated (12768.00 BogoMIPS)
[    0.391270] devtmpfs: initialized
[    0.393291] evm: security.selinux
[    0.394019] evm: security.SMACK64
[    0.394774] evm: security.SMACK64EXEC
[    0.395544] evm: security.SMACK64TRANSMUTE
[    0.396376] evm: security.SMACK64MMAP
[    0.397174] evm: security.ima
[    0.397861] evm: security.capability
[    0.398767] clocksource: jiffies: mask: 0xffffffff max_cycles: 0xffffffff, max_idle_ns: 7645041785100000 ns
[    0.400639] futex hash table entries: 512 (order: 3, 32768 bytes)
[    0.401873] pinctrl core: initialized pinctrl subsystem
[    0.402930] RTC time: 15:44:12, date: 06/27/20
[    0.403958] NET: Registered protocol family 16
[    0.416574] cpuidle: using governor ladder
[    0.428267] cpuidle: using governor menu
[    0.429158] PCCT header not found.
[    0.429960] ACPI: bus type PCI registered
[    0.430782] acpiphp: ACPI Hot Plug PCI Controller Driver version: 0.5
[    0.432110] PCI: Using configuration type 1 for base access
[    0.445817] ACPI: Added _OSI(Module Device)
[    0.446708] ACPI: Added _OSI(Processor Device)
[    0.447580] ACPI: Added _OSI(3.0 _SCP Extensions)
[    0.448557] ACPI: Added _OSI(Processor Aggregator Device)
[    0.450120] ACPI: Executed 1 blocks of module-level executable AML code
[    0.453250] ACPI: Interpreter enabled
[    0.454039] ACPI: (supports S0 S5)
[    0.454784] ACPI: Using IOAPIC for interrupt routing
[    0.455859] PCI: Using host bridge windows from ACPI; if necessary, use "pci=nocrs" and report a bug
[    0.460682] ACPI: PCI Root Bridge [PCI0] (domain 0000 [bus 00-ff])
[    0.461915] acpi PNP0A03:00: _OSC: OS supports [ASPM ClockPM Segments MSI]
[    0.463395] acpi PNP0A03:00: _OSC: not requesting OS control; OS requires [ExtendedConfig ASPM ClockPM MSI]
[    0.465319] acpi PNP0A03:00: fail to add MMCONFIG information, can't access extended PCI configuration space under this bridge.
[    0.467658] PCI host bridge to bus 0000:00
[    0.468492] pci_bus 0000:00: root bus resource [io  0x0000-0x0cf7 window]
[    0.469743] pci_bus 0000:00: root bus resource [io  0x0d00-0xffff window]
[    0.471010] pci_bus 0000:00: root bus resource [mem 0x000a0000-0x000bffff window]
[    0.472544] pci_bus 0000:00: root bus resource [mem 0x40000000-0xfdffffff window]
[    0.474111] pci_bus 0000:00: root bus resource [bus 00-ff]
[    0.476691] pci 0000:00:01.1: legacy IDE quirk: reg 0x10: [io  0x01f0-0x01f7]
[    0.477940] pci 0000:00:01.1: legacy IDE quirk: reg 0x14: [io  0x03f6]
[    0.479075] pci 0000:00:01.1: legacy IDE quirk: reg 0x18: [io  0x0170-0x0177]
[    0.490654] pci 0000:00:01.1: legacy IDE quirk: reg 0x1c: [io  0x0376]
[    0.501576] pci 0000:00:07.0: quirk: [io  0x4000-0x403f] claimed by PIIX4 ACPI
[    0.503074] pci 0000:00:07.0: quirk: [io  0x4100-0x410f] claimed by PIIX4 SMB
[    0.510311] ACPI: PCI Interrupt Link [LNKA] (IRQs 5 9 10 *11)
[    0.512069] ACPI: PCI Interrupt Link [LNKB] (IRQs 5 9 *10 11)
[    0.513731] ACPI: PCI Interrupt Link [LNKC] (IRQs 5 *9 10 11)
[    0.515298] ACPI: PCI Interrupt Link [LNKD] (IRQs 5 9 10 *11)
[    0.516701] ACPI: Enabled 2 GPEs in block 00 to 07
[    0.517845] vgaarb: setting as boot device: PCI:0000:00:02.0
[    0.518805] vgaarb: device added: PCI:0000:00:02.0,decodes=io+mem,owns=io+mem,locks=none
[    0.520282] vgaarb: loaded
[    0.521008] vgaarb: bridge control possible 0000:00:02.0
[    0.522104] SCSI subsystem initialized
[    0.522929] ACPI: bus type USB registered
[    0.523698] usbcore: registered new interface driver usbfs
[    0.524657] usbcore: registered new interface driver hub
[    0.525600] usbcore: registered new device driver usb
[    0.526763] PCI: Using ACPI for IRQ routing
[    0.527785] NetLabel: Initializing
[    0.528481] NetLabel:  domain hash size = 128
[    0.529314] NetLabel:  protocols = UNLABELED CIPSOv4
[    0.532328] NetLabel:  unlabeled traffic allowed by default
[    0.533504] amd_nb: Cannot enumerate AMD northbridges
[    0.534566] clocksource: Switched to clocksource kvm-clock
[    0.543954] AppArmor: AppArmor Filesystem Enabled
[    0.544909] pnp: PnP ACPI init
[    0.546251] pnp: PnP ACPI: found 3 devices
[    0.555721] clocksource: acpi_pm: mask: 0xffffff max_cycles: 0xffffff, max_idle_ns: 2085701024 ns
[    0.557440] NET: Registered protocol family 2
[    0.558438] TCP established hash table entries: 8192 (order: 4, 65536 bytes)
[    0.559824] TCP bind hash table entries: 8192 (order: 5, 131072 bytes)
[    0.561014] TCP: Hash tables configured (established 8192 bind 8192)
[    0.562178] UDP hash table entries: 512 (order: 2, 16384 bytes)
[    0.563366] UDP-Lite hash table entries: 512 (order: 2, 16384 bytes)
[    0.564593] NET: Registered protocol family 1
[    0.565537] pci 0000:00:00.0: Limiting direct PCI/PCI transfers
[    0.566647] pci 0000:00:01.0: Activating ISA DMA hang workarounds
[    0.567885] Unpacking initramfs...
[    0.749202] Freeing initrd memory: 14888K
[    0.750110] clocksource: tsc: mask: 0xffffffffffffffff max_cycles: 0x2e02c4a121d, max_idle_ns: 440795236083 ns
[    0.752117] platform rtc_cmos: registered platform RTC device (no PNP device found)
[    0.753712] Scanning for low memory corruption every 60 seconds
[    0.755085] audit: initializing netlink subsys (disabled)
[    0.756137] audit: type=2000 audit(1593272657.508:1): initialized
[    0.757456] Initialise system trusted keyring
[    0.758600] HugeTLB registered 2 MB page size, pre-allocated 0 pages
[    0.760775] zbud: loaded
[    0.761691] VFS: Disk quotas dquot_6.6.0
[    0.762587] VFS: Dquot-cache hash table entries: 512 (order 0, 4096 bytes)
[    0.764080] squashfs: version 4.0 (2009/01/31) Phillip Lougher
[    0.765413] fuse init (API version 7.23)
[    0.766373] Key type big_key registered
[    0.767279] Allocating IMA MOK and blacklist keyrings.
[    0.769534] Key type asymmetric registered
[    0.770455] Asymmetric key parser 'x509' registered
[    0.771515] Block layer SCSI generic (bsg) driver version 0.4 loaded (major 249)
[    0.773144] io scheduler noop registered
[    0.774023] io scheduler deadline registered (default)
[    0.775078] io scheduler cfq registered
[    0.775978] pci_hotplug: PCI Hot Plug PCI Core version: 0.5
[    0.777084] pciehp: PCI Express Hot Plug Controller Driver version: 0.4
[    0.778369] ACPI: AC Adapter [AC] (on-line)
[    0.779356] input: Power Button as /devices/LNXSYSTM:00/LNXPWRBN:00/input/input0
[    0.780944] ACPI: Power Button [PWRF]
[    0.781784] input: Sleep Button as /devices/LNXSYSTM:00/LNXSLPBN:00/input/input1
[    0.783357] ACPI: Sleep Button [SLPF]
[    0.784278] GHES: HEST is not enabled!
[    0.785151] Serial: 8250/16550 driver, 32 ports, IRQ sharing enabled
[    0.806851] 00:02: ttyS0 at I/O 0x3f8 (irq = 4, base_baud = 115200) is a 16550A
[    0.811493] Linux agpgart interface v0.103
[    0.813677] loop: module loaded
[    0.814855] scsi host0: ata_piix
[    0.815661] scsi host1: ata_piix
[    0.816401] ata1: PATA max UDMA/33 cmd 0x1f0 ctl 0x3f6 bmdma 0xd000 irq 14
[    0.817632] ata2: PATA max UDMA/33 cmd 0x170 ctl 0x376 bmdma 0xd008 irq 15
[    0.818948] libphy: Fixed MDIO Bus: probed
[    0.819849] tun: Universal TUN/TAP device driver, 1.6
[    0.820825] tun: (C) 1999-2004 Max Krasnyansky <maxk@qualcomm.com>
[    0.822114] PPP generic driver version 2.4.2
[    0.823180] ehci_hcd: USB 2.0 'Enhanced' Host Controller (EHCI) Driver
[    0.824348] ehci-pci: EHCI PCI platform driver
[    0.825286] ehci-platform: EHCI generic platform driver
[    0.826313] ohci_hcd: USB 1.1 'Open' Host Controller (OHCI) Driver
[    0.827560] ohci-pci: OHCI PCI platform driver
[    0.828450] ohci-platform: OHCI generic platform driver
[    0.829441] uhci_hcd: USB Universal Host Controller Interface driver
[    0.830644] i8042: PNP: PS/2 Controller [PNP0303:PS2K,PNP0f03:PS2M] at 0x60,0x64 irq 1,12
[    0.832741] serio: i8042 KBD port at 0x60,0x64 irq 1
[    0.833702] serio: i8042 AUX port at 0x60,0x64 irq 12
[    0.834945] mousedev: PS/2 mouse device common for all mice
[    0.836419] input: AT Translated Set 2 keyboard as /devices/platform/i8042/serio0/input/input2
[    0.838595] rtc_cmos rtc_cmos: rtc core: registered rtc_cmos as rtc0
[    0.839790] rtc_cmos rtc_cmos: alarms up to one day, 114 bytes nvram
[    0.840924] i2c /dev entries driver
[    0.841710] device-mapper: uevent: version 1.0.3
[    0.842716] device-mapper: ioctl: 4.34.0-ioctl (2015-10-28) initialised: dm-devel@redhat.com
[    0.844411] ledtrig-cpu: registered to indicate activity on CPUs
[    0.845912] NET: Registered protocol family 10
[    0.847037] NET: Registered protocol family 17
[    0.847931] Key type dns_resolver registered
[    0.849292] registered taskstats version 1
[    0.850139] Loading compiled-in X.509 certificates
[    0.851551] Loaded X.509 cert 'Build time autogenerated kernel key: b6ae09eed57f82583ccd3c65c463e852cdd7a0b5'
[    0.853509] zswap: loaded using pool lzo/zbud
[    0.855810] Key type trusted registered
[    0.858898] Key type encrypted registered
[    0.859730] AppArmor: AppArmor sha1 policy hashing enabled
[    0.860750] ima: No TPM chip found, activating TPM-bypass!
[    0.861774] ima: Allocated hash algorithm: sha1
[    0.862675] evm: HMAC attrs: 0x1
[    0.863772]   Magic number: 8:305:741
[    0.864572] workqueue writeback: hash matches
[    0.865510] rtc_cmos rtc_cmos: setting system clock to 2020-06-27 15:44:12 UTC (1593272652)
[    0.867290] BIOS EDD facility v0.16 2004-Jun-25, 0 devices found
[    0.868409] EDD information not available.
[    0.976042] Freeing unused kernel memory: 1492K
[    0.976968] Write protecting the kernel read-only data: 14336k
[    0.978468] Freeing unused kernel memory: 1596K
[    0.979580] Freeing unused kernel memory: 60K
Loading, please wait...
starting version 229
[    0.991167] random: systemd-udevd: uninitialized urandom read (16 bytes read, 3 bits of entropy available)
[    0.991520] random: udevadm: uninitialized urandom read (16 bytes read, 3 bits of entropy available)
[    0.991534] random: udevadm: uninitialized urandom read (16 bytes read, 3 bits of entropy available)
[    0.996586] random: systemd-udevd: uninitialized urandom read (16 bytes read, 3 bits of entropy available)
[    0.997709] random: udevadm: uninitialized urandom read (16 bytes read, 3 bits of entropy available)
[    0.997738] random: udevadm: uninitialized urandom read (16 bytes read, 3 bits of entropy available)
[    0.997842] random: udevadm: uninitialized urandom read (16 bytes read, 3 bits of entropy available)
[    0.997880] random: udevadm: uninitialized urandom read (16 bytes read, 3 bits of entropy available)
[    0.997919] random: udevadm: uninitialized urandom read (16 bytes read, 3 bits of entropy available)
[    0.997956] random: udevadm: uninitialized urandom read (16 bytes read, 3 bits of entropy available)
[    1.028870] e1000: Intel(R) PRO/1000 Network Driver - version 7.3.21-k8-NAPI
[    1.030179] e1000: Copyright (c) 1999-2006 Intel Corporation.
[    1.031360] Fusion MPT base driver 3.04.20
[    1.032242] Copyright (c) 1999-2008 LSI Corporation
[    1.035791] Fusion MPT SPI Host driver 3.04.20
[    1.058307] AVX2 version of gcm_enc/dec engaged.
[    1.059271] AES CTR mode by8 optimization enabled
[    1.241762] input: ImExPS/2 Generic Explorer Mouse as /devices/platform/i8042/serio1/input/input4
[    1.387464] e1000 0000:00:03.0 eth0: (PCI:33MHz:32-bit) 02:fd:3e:94:53:22
[    1.388676] e1000 0000:00:03.0 eth0: Intel(R) PRO/1000 Network Connection
[    1.390456] mptbase: ioc0: Initiating bringup
[    1.874827] ioc0: LSI53C1030 A0: Capabilities={Initiator}
[    2.790749] scsi host2: ioc0: LSI53C1030 A0, FwRev=00000000h, Ports=1, MaxQ=256, IRQ=20
[    3.269984] scsi 2:0:0:0: Direct-Access     VBOX     HARDDISK         1.0  PQ: 0 ANSI: 5
[    3.271682] scsi target2:0:0: Beginning Domain Validation
[    3.274934] scsi target2:0:0: Domain Validation skipping write tests
[    3.276078] scsi target2:0:0: Ending Domain Validation
[    3.277187] scsi target2:0:0: asynchronous
[    3.278788] scsi 2:0:1:0: Direct-Access     VBOX     HARDDISK         1.0  PQ: 0 ANSI: 5
[    3.280367] scsi target2:0:1: Beginning Domain Validation
[    3.282457] scsi target2:0:1: Domain Validation skipping write tests
[    3.283659] scsi target2:0:1: Ending Domain Validation
[    3.284790] scsi target2:0:1: asynchronous
[    3.301384] sd 2:0:0:0: Attached scsi generic sg0 type 0
[    3.302455] sd 2:0:0:0: [sda] 20971520 512-byte logical blocks: (10.7 GB/10.0 GiB)
[    3.304207] sd 2:0:1:0: Attached scsi generic sg1 type 0
[    3.305516] sd 2:0:1:0: [sdb] 20480 512-byte logical blocks: (10.5 MB/10.0 MiB)
[    3.307032] sd 2:0:0:0: [sda] Write Protect is off
[    3.308405] sd 2:0:1:0: [sdb] Write Protect is off
[    3.309363] sd 2:0:0:0: [sda] Incomplete mode parameter data
[    3.310441] sd 2:0:0:0: [sda] Assuming drive cache: write through
[    3.311812] sd 2:0:1:0: [sdb] Incomplete mode parameter data
[    3.312940] sd 2:0:1:0: [sdb] Assuming drive cache: write through
[    3.318003]  sda: sda1
[    3.320315] sd 2:0:1:0: [sdb] Attached SCSI disk
[    3.321461] sd 2:0:0:0: [sda] Attached SCSI disk
[    3.771070] e1000 0000:00:08.0 eth1: (PCI:33MHz:32-bit) 08:00:27:95:ee:71
[    3.772313] e1000 0000:00:08.0 eth1: Intel(R) PRO/1000 Network Connection
[    3.774262] e1000 0000:00:03.0 enp0s3: renamed from eth0
[    3.795662] e1000 0000:00:08.0 enp0s8: renamed from eth1
Begin: Loading essential drivers ... [    5.145514] md: linear personality registered for level -1
[    5.148318] md: multipath personality registered for level -4
[    5.151089] md: raid0 personality registered for level 0
[    5.154632] md: raid1 personality registered for level 1
[    5.222583] raid6: sse2x1   gen() 14868 MB/s
[    5.290838] raid6: sse2x1   xor() 10993 MB/s
[    5.359158] raid6: sse2x2   gen() 18584 MB/s
[    5.426578] raid6: sse2x2   xor() 12562 MB/s
[    5.494834] raid6: sse2x4   gen() 20697 MB/s
[    5.563148] raid6: sse2x4   xor() 14397 MB/s
[    5.630583] raid6: avx2x1   gen() 29347 MB/s
[    5.698806] raid6: avx2x2   gen() 33831 MB/s
[    5.767130] raid6: avx2x4   gen() 37557 MB/s
[    5.768031] raid6: using algorithm avx2x4 gen() 37557 MB/s
[    5.769072] raid6: using avx2x2 recovery algorithm
[    5.771119] xor: automatically using best checksumming function:
[    5.811086]    avx       : 33991.000 MB/sec
[    5.812818] async_tx: api initialized (async)
[    5.821317] md: raid6 personality registered for level 6
[    5.822313] md: raid5 personality registered for level 5
[    5.823383] md: raid4 personality registered for level 4
[    5.829162] md: raid10 personality registered for level 10
done.
Begin: Running /scripts/init-premount ... done.
Begin: Mounting root file system ... Begin: Running /scripts/local-top ... done.
Begin: Running /scripts/local-premount ... [    5.853684] Btrfs loaded
Scanning for Btrfs filesystems
done.
Warning: fsck not present, so skipping root file system
[    5.877938] EXT4-fs (sda1): mounted filesystem with ordered data mode. Opts: (null)
done.
Begin: Running /scripts/local-bottom ... done.
Begin: Running /scripts/init-bottom ... done.
[    5.960898] systemd[1]: systemd 229 running in system mode. (+PAM +AUDIT +SELINUX +IMA +APPARMOR +SMACK +SYSVINIT +UTMP +LIBCRYPTSETUP +GCRYPT +GNUTLS +ACL +XZ -LZ4 +SECCOMP +BLKID +ELFUTILS +KMOD -IDN)
[    5.964233] systemd[1]: Detected virtualization oracle.
[    5.965244] systemd[1]: Detected architecture x86-64.

Welcome to [1mUbuntu 16.04.6 LTS[0m!

[    5.969145] systemd[1]: Set hostname to <ubuntu>.
[    5.973426] systemd[1]: Initializing machine ID from random generator.
[    5.974639] systemd[1]: Installed transient /etc/machine-id file.
[    6.079466] systemd[1]: Set up automount Arbitrary Executable File Formats File System Automount Point.
[[0;32m  OK  [0m] Set up automount Arbitrary Executab...ats File System Automount Point.
[    6.082052] systemd[1]: Reached target User and Group Name Lookups.
[[0;32m  OK  [0m] Reached target User and Group Name Lookups.
[    6.083877] systemd[1]: Listening on udev Control Socket.
[[0;32m  OK  [0m] Listening on udev Control Socket.
[    6.085621] systemd[1]: Created slice User and Session Slice.
[[0;32m  OK  [0m] Created slice User and Session Slice.
[    6.087190] systemd[1]: Listening on Syslog Socket.
[[0;32m  OK  [0m] Listening on Syslog Socket.
[    6.088771] systemd[1]: Listening on LVM2 poll daemon socket.
[[0;32m  OK  [0m] Listening on LVM2 poll daemon socket.
[    6.090414] systemd[1]: Reached target Encrypted Volumes.
[[0;32m  OK  [0m] Reached target Encrypted Volumes.
[    6.092045] systemd[1]: Listening on /dev/initctl Compatibility Named Pipe.
[[0;32m  OK  [0m] Listening on /dev/initctl Compatibility Named Pipe.
[    6.094041] systemd[1]: Reached target System Time Synchronized.
[[0;32m  OK  [0m] Reached target System Time Synchronized.
[    6.103321] systemd[1]: Listening on udev Kernel Socket.
[[0;32m  OK  [0m] Listening on udev Kernel Socket.
[    6.111170] systemd[1]: Reached target Swap.
[[0;32m  OK  [0m] Reached target Swap.
[    6.112668] systemd[1]: Started Forward Password Requests to Wall Directory Watch.
[[0;32m  OK  [0m] Started Forward Password Requests to Wall Directory Watch.
[    6.114869] systemd[1]: Started Trigger resolvconf update for networkd DNS.
[[0;32m  OK  [0m] Started Trigger resolvconf update for networkd DNS.
[    6.116844] systemd[1]: Listening on Journal Socket (/dev/log).
[[0;32m  OK  [0m] Listening on Journal Socket (/dev/log).
[    6.118520] systemd[1]: Listening on Journal Audit Socket.
[[0;32m  OK  [0m] Listening on Journal Audit Socket.
[    6.127015] systemd[1]: Created slice System Slice.
[[0;32m  OK  [0m] Created slice System Slice.
[    6.128494] systemd[1]: Reached target Slices.
[[0;32m  OK  [0m] Reached target Slices.
[    6.130177] systemd[1]: Created slice system-serial\x2dgetty.slice.
[[0;32m  OK  [0m] Created slice system-serial\x2dgetty.slice.
[    6.132184] systemd[1]: Listening on Device-mapper event daemon FIFOs.
[[0;32m  OK  [0m] Listening on Device-mapper event daemon FIFOs.
[    6.139515] systemd[1]: Listening on Journal Socket.
[[0;32m  OK  [0m] Listening on Journal Socket.
[    6.159087] systemd[1]: Mounting Huge Pages File System...
         Mounting Huge Pages File System...
[    6.161337] systemd[1]: Starting Remount Root and Kernel File Systems...
         Starting Remount Root and Kernel File Systems...
[    6.164644] EXT4-fs (sda1): re-mounted. Opts: (null)
[    6.171124] systemd[1]: Starting Set console keymap...
         Starting Set console keymap...
[    6.172989] systemd[1]: Starting Uncomplicated firewall...
         Starting Uncomplicated firewall...
[    6.175076] systemd[1]: Starting Journal Service...
         Starting Journal Service...
[    6.176929] systemd[1]: Mounting POSIX Message Queue File System...
         Mounting POSIX Message Queue File System...
[    6.181614] systemd[1]: Mounting Debug File System...
         Mounting Debug File System...
[    6.183554] systemd[1]: Starting Create list of required static device nodes for the current kernel...
         Starting Create list of required st... nodes for the current kernel...
[    6.191600] systemd[1]: Starting Nameserver information manager...
         Starting Nameserver information manager...
[    6.195688] systemd[1]: Starting Load Kernel Modules...
         Starting Load Kernel Modules...
[    6.202113] Loading iSCSI transport class v2.0-870.
[    6.202874] systemd[1]: Listening on LVM2 metadata daemon socket.
[[0;32m  OK  [0m] Listening on LVM2 metadata daemon socket.
[    6.208704] iscsi: registered transport (tcp)
[    6.211536] systemd[1]: Starting Monitoring of LVM2 mirrors, snapshots etc. using dmeventd or progress polling...
         Starting Monitoring of LVM2 mirrors... dmeventd or progress polling...
[    6.216137] systemd[1]: Mounted Debug File System.
[[0;32m  OK  [0m] Mounted Debug File System.
[    6.218488] systemd[1]: Mounted Huge Pages File System.
[[0;32m  OK  [0m] Mounted Huge Pages File System.
[    6.226712] systemd[1]: Mounted POSIX Message Queue File System.
[[0;32m  OK  [0m] Mounted POSIX Message Queue File System.
[    6.236972] systemd[1]: Started Journal Service.
[[0;32m  OK  [[    6.238055] iscsi: registered transport (iser)
0m] Started Journal Service.
[[0;32m  OK  [0m] Started Remount Root and Kernel File Systems.
[[0;32m  OK  [0m] Started Uncomplicated firewall.
[[0;32m  OK  [0m] Started Set console keymap.
[[0;32m  OK  [0m] Started Create list of required sta...ce nodes for the current kernel.
[[0;32m  OK  [0m] Started Load Kernel Modules.
[[0;32m  OK  [0m] Started Nameserver information manager.
[[0;32m  OK  [0m] Started LVM2 metadata daemon.
         Starting Apply Kernel Variables...
         Mounting FUSE Control File System...
         Starting Create Static Device Nodes in /dev...
         Starting Load/Save Random Seed...
         Starting udev Coldplug all Devices...
         Starting Flush Journal to Persistent Storage...
[[0;32m  OK  [0m] Mounted FUSE Control File System.
[[0;32m  OK  [0m] Started Apply Kernel Variables.
[[0;32m  OK  [0m] Started Create Static Device Nodes in /dev.
[[0;32m  OK  [0m] Started Load/Save Random Seed.
         Starting udev Kernel Device Manager...
[[0;32m  OK  [0m] Started Flush Journal to Persistent Storage.
[[0;32m  OK  [0m] Started udev Coldplug all Devices.
[[0;32m  OK  [0m] Started udev Kernel Device Manager.
[[0;32m  OK  [0m] Started Dispatch Password Requests to Console Directory Watch.
[[0;32m  OK  [0m] Started Monitoring of LVM2 mirrors,...ng dmeventd or progress polling.
[[0;32m  OK  [0m] Reached target Local File Systems (Pre).
[[0;32m  OK  [0m] Reached target Local File Systems.
         Starting Tell Plymouth To Write Out Runtime Data...
         Starting LSB: AppArmor initialization...
         Starting Initial cloud-init job (pre-networking)...
         Starting Create Volatile Files and Directories...
         Starting Commit a transient machine-id on disk...
         Starting Set console font and keymap...
[[0;32m  OK  [0m] Started Tell Plymouth To Write Out Runtime Data.
[[0;32m  OK  [0m] Started Create Volatile Files and Directories.
[[0;32m  OK  [0m] Found device /dev/ttyS0.
[[0;32m  OK  [0m] Listening on Load/Save RF Kill Switch Status /dev/rfkill Watch.
         Starting Update UTMP about System Boot/Shutdown...
[[0;32m  OK  [0m] Started Commit a transient machine-id on disk.
[[0;32m  OK  [0m] Started Update UTMP about System Boot/Shutdown.
[    7.488867] cloud-init[517]: Cloud-init v. 19.4-33-gbb4131a2-0ubuntu1~16.04.1 running 'init-local' at Sat, 27 Jun 2020 15:44:18 +0000. Up 7.01 seconds.
[[0;32m  OK  [0m] Started Initial cloud-init job (pre-networking).
[[0;32m  OK  [0m] Reached target Network (Pre).
[[0;32m  OK  [0m] Started Set console font and keymap.
[[0;32m  OK  [0m] Created slice system-getty.slice.
[[0;32m  OK  [0m] Started LSB: AppArmor initialization.
         Starting Raise network interfaces...
[[0;32m  OK  [0m] Started Raise network interfaces.
[[0;32m  OK  [0m] Reached target Network.
         Starting Initial cloud-init job (metadata service crawler)...
[    9.621016] cloud-init[958]: Cloud-init v. 19.4-33-gbb4131a2-0ubuntu1~16.04.1 running 'init' at Sat, 27 Jun 2020 15:44:20 +0000. Up 8.45 seconds.
[    9.632465] cloud-init[958]: ci-info: ++++++++++++++++++++++++++++++++++++++Net device info+++++++++++++++++++++++++++++++++++++++
[    9.640268] cloud-init[958]: ci-info: +--------+-------+----------------------------+---------------+--------+-------------------+
[    9.649029] cloud-init[958]: ci-info: | Device |   Up  |          Address           |      Mask     | Scope  |     Hw-Address    |
[    9.657065] [cloud-init[0;32m  OK  [0m[958]: ] ci-info: +--------+-------+----------------------------+---------------+--------+-------------------+Started Initial cloud-init job (metadata service crawler).

[    9.657660] [cloud-init[0;32m  OK  [0m[958]: ] ci-info: | enp0s3 |  True |         10.0.2.15          | 255.255.255.0 | global | 02:fd:3e:94:53:22 |Reached target Network is Online.

[    9.659967] cloud-init[958]: ci-info: | enp0s3 |  True | fe80::fd:3eff:fe94:5322/64 |       .       |  link  | 02:fd:3e:94:53:22 |
[    9.661412] cloud-init[958]: ci-info: | enp0s8 | False |             .              |       .       |   .    | 08:00:27:95:ee:71 |
[    9.662799] cloud-init[958]: ci-info: |   lo   |  True |         127.0.0.1          |   255.0.0.0   |  host  |         .         |
[    9.664126] cloud-init[958]: ci-info: |   lo   |  True |          ::1/128           |       .       |  host  |         .         |
[    9.665525] cloud-init[958]: ci-info: +--------+-------+----------------------------+---------------+--------+-------------------+
[    9.666909] cloud-init[958]: ci-info: +++++++++++++++++++++++++++Route IPv4 info++++++++++++++++++++++++++++
[    9.668181]          Starting iSCSI initiator daemon (iscsid)...
[[0;32m  OK  [0m] Reached target System Initialization.
cloud-init         Starting LXD - unix socket.
[[0;32m  OK  [0m] Listening on ACPID Listen Socket.
[[0;32m  OK  [0m] Listening on UUID daemon activation socket.
[[0;32m  OK  [0m] Started Daily Cleanup of Temporary Directories.
[958]: ci-info: +-------+-------------+----------+---------------+-----------+-------+[[0;32m  OK  [0m] Started ACPI Events Check.
[[0;32m  OK  [0m] Reached target Paths.
[[0;32m  OK  [0m] Started Daily apt download activities.
[[0;32m  OK  [0m] Started Message of the Day.
[[0;32m  OK  [0m] Listening on D-Bus System Message Bus Socket.
[[0;32m  OK  [0m] Started Daily apt upgrade and clean activities.
[[0;32m  OK  [0m] Reached target Timers.
         Starting Socket activation for snappy daemon.
[[0;32m  OK  [0m] Reached target Cloud-config availability.
[[0;32m  OK  [0m] Listening on LXD - unix socket.
[[0;32m  OK  [0m] Listening on Socket activation for snappy daemon.
[[0;32m  OK  [0m] Reached target Sockets.
[[0;32m  OK  [0m] Reached target Basic System.
[[0;32m  OK  [0m] Started D-Bus System Message Bus.

[    9.678521] cloud-init[958]: ci-info: | Route | Destination | Gateway  |    Genmask    | Interface | Flags |
[    9.679756] cloud-init[958]: ci-info: +-------+-------------+----------+---------------+-----------+-------+
[    9.681448] cloud-init[958]: ci-info: |   0   |   0.0.0.0   | 10.0.2.2 |    0.0.0.0    |   enp0s3  |   UG  |
[    9.682718] cloud-init[958]: ci-info: |   1   |   10.0.2.0  | 0.0.0.0  | 255.255.255.0 |   enp0s3  |   U   |
[    9.683965] cloud-init[958]: ci-info: +-------+-------------+----------+---------------+-----------+-------+
[    9.685261] cloud-init[958]: ci-info: +++++++++++++++++++Route IPv6 info+++++++++++++++++++
[    9.686408] cloud-init[958]: ci-info: +-------+-------------+---------+-----------+-------+
[    9.687519] cloud-init[958]: ci-info: | Route | Destination | Gateway | Interface | Flags |
[    9.688652] cloud-init[958]: ci-info: +-------+-------------+---------+-----------+-------+
[    9.689789] cloud-init[958]: ci-info: |   0   |  fe80::/64  |    ::   |   enp0s3  |   U   |
[    9.690923] cloud-init[958]: ci-info: |   3   |   ff00::/8  |    ::   |   enp0s3  |   U   |
[    9.692082] cloud-init[958]: ci-info: +-------+-------------+---------+-----------+-------+
[    9.693203] cloud-init[958]: Generating public/private rsa key pair.
[    9.694157] cloud-init[958]: Your identification has been saved in /etc/ssh/ssh_host_rsa_key.
[    9.695260] cloud-init[958]: Your public key has been saved in /etc/ssh/ssh_host_rsa_key.pub.
[    9.696436] cloud-init[958]: The key fingerprint is:
[    9.697331] cloud-init[958]: SHA256:aMJKqTJ10yQNlffgFpUatZcgc2qAUXCJ0FOvVmv2k1A root@ubuntu-xenial
[    9.698501] cloud-init[958]: The key's randomart image is:
[    9.699422] cloud-init[958]: +---[RSA 2048]----+
[    9.700270] cloud-init[958]: |  .o+O*ooo=.     |
[    9.701049] cloud-init[958]: |    =+oo==.o .   |
[    9.701844] cloud-init[958]: |    ..oo=*E o    |
[    9.702615] cloud-init[958]: |   o + =+o..     |
[    9.703385] cloud-init[958]: |  + = *.S        |
[    9.704176] cloud-init[958]: | + o = o o .     |
[    9.704951] cloud-init[958]: |+ .       +      |
[    9.705723] cloud-init[958]: |..         .     |
[    9.706498] cloud-init[958]: |                 |
[    9.707269] cloud-init[958]: +----[SHA256]-----+
[    9.708045] cloud-init[958]: Generating public/private dsa key pair.
[    9.709008] cloud-init[958]: Your identification has been saved in /etc/ssh/ssh_host_dsa_key.
[    9.710007] cloud-init[958]: Your public key has been saved in /etc/ssh/ssh_host_dsa_key.pub.
[    9.711111] cloud-init[958]: The key fingerprint is:
[    9.711919] cloud-init[958]: SHA256:yVXe0G4I7FpcZ188ZbGvVTk5qJylfWwdOX3n0QKlMio root@ubuntu-xenial
[    9.713064] cloud-init[958]: The key's randomart image is:
[    9.713895] cloud-init[958]: +---[DSA 1024]----+
[    9.714674] cloud-init[958]: |         .  +o.o=|
[    9.715447] cloud-init[958]: |          oo.==oX|
[    9.716251] [[0;32m  OK  [0m] Started ACPI event daemon.
cloud-init[958]:          Starting Virtualbox guest utils...
|         o+ooBo%O|
[    9.717759]          Starting Snappy daemon...
cloud-init[958]:          Starting /etc/rc.local Compatibility...
|       . +=oB +o&|         Starting Login Service...

[    9.719504] cloud-init[958]: |      E So = o +=|
         Starting Pollinate to seed the pseudo random number generator...
         Starting LXD - container startup/shutdown...
         Starting LSB: Record successful boot for GRUB...
         Starting LSB: MD monitoring daemon...
[[0;32m  OK  [0m] Started Deferred execution scheduler.
         Starting System Logging Service...
[    9.721731] cloud-init[958]: [[0;32m  OK  [0m] Started FUSE filesystem for LXC.
[[0;32m  OK  [0m] Started Regular background program processing daemon.
         Starting Accounts Service...
[[0;32m  OK  [0m] Started /etc/rc.local Compatibility.
|       ..     oo |
[    9.739006] cloud-init[958]: |              .  |
[    9.743354] cloud-init[958]: |                 |
[    9.744216] cloud-init[958]: |                 |
[    9.745056] cloud-init[958]: +----[SHA256]-----+
[    9.747350] cloud-init[958]: Generating public/private ecdsa key pair.
[    9.750133] cloud-init[958]: Your identification has been saved in /etc/ssh/ssh_host_ecdsa_key.
[    9.752261] cloud-init[958]: Your public key has been saved in /etc/ssh/ssh_host_ecdsa_key.pub.
[[0;32m  OK  [0m] Started iSCSI initiator daemon (iscsid).
         Starting Login to default iSCSI targets...
[    9.760081] cloud-init[958]: The key fingerprint is:
[    9.764237] cloud-init[958]: SHA256:4gxE51D3XanBaBdHkpmp66Rohx3qQNPmqjsOqsvoJpk root@ubuntu-xenial
[[0;32m  OK  [0m] Started System Logging Service.
[    9.765934] cloud-init[958]: The key's randomart image is:
[    9.770415] cloud-init[958]: +---[ECDSA 256]---+
[    9.776895] cloud-init[958]: |    o.o .  ooB+. |
[    9.778529] cloud-init[958]: |   . + . .o.O+.  |
[    9.786818] cloud-init[958]: |    . .  ..o.o   |
[    9.788269] cloud-init[958]: |   . .    . .    |
[    9.798761] [cloud-init[0;32m  OK  [0m[958]: ] |    + + S  .     |Started LSB: Record successful boot for GRUB.

[    9.799599] [cloud-init[0;32m  OK  [0m[958]: ] |   . B .. o      |Started Login to default iSCSI targets.

[    9.800667] [[0;32m  OK  [0m] Started LSB: MD monitoring daemon.
cloud-init[[0;32m  OK  [0m] Started Login Service.
[958]: |.o  . += =       |[[0;32m  OK  [0m] Started Unattended Upgrades Shutdown.
[[0;32m  OK  [0m] Reached target Remote File Systems (Pre).
[[0;32m  OK  [0m] Reached target Remote File Systems.
         Starting LSB: Set the CPU Frequency Scaling governor to "ondemand"...
         Starting Permit User Sessions...
         Starting LSB: automatic crash report generation...
         Starting LSB: daemon to balance interrupts for SMP systems...

[[0;32m  OK  [0m] Started Permit User Sessions.
[    9.816819] cloud-init[958]: |Eo.  o= + .      |
         Starting Hold until boot process finishes up...
[    9.832947] cloud-init[958]: |X=++.o..         |
[    9.838742] cloud-init[958]: +----[SHA256]-----+
[    9.843351] cloud-init[958]: Generating public/private ed25519 key pair.
[    9.844116] cloud-init[958]: Your identification has been saved in /etc/ssh/ssh_host_ed25519_key.
         Starting Terminate Plymouth Boot Screen...
[[0;32m  OK  [0m] Started Hold until boot process finishes up.
[[0;32m  OK  [0m] Started Terminate Plymouth Boot Screen.
[    9.861181] cloud-init[958]: Your public key has been saved in /etc/ssh/ssh_host_ed25519_key.pub.
[    9.891287] cloud-init[958]: The key fingerprint is:
[    9.891885] cloud-init[958]: SHA256:x5aQewTBHYQPl4wOgHycXf3JfE++9vFYHd2SZYik+nI root@ubuntu-xenial
[    9.893075] cloud-init[958]: The key's randomart image is:
[    9.902927] cloud-init[958]: +--[ED25519 256]--+
[    9.903577] cloud-init[958]: | . o.+ o+Ooo.    |
         Starting Authenticate and Authorize Users to Run Privileged Tasks...
[[0;32m  OK  [0m] Started Serial Getty on ttyS0.
[[0;32m  OK  [0m] Started Getty on tty1.
[[0;32m  OK  [0m] Reached target Login Prompts.
         Starting Set console scheme...
[[0;32m  OK  [0m] Started Virtualbox guest utils.
[[0;32m  OK  [0m] Started LXD - container startup/shutdown.
[    9.915959] cloud-init[958]: |  o + o =o*o . . |
[[0;32m  OK  [0m] Started LSB: daemon to balance interrupts for SMP systems.
[    9.937436] cloud-init[958]: |   .   oo+o+... o|
[    9.946899] cloud-init[958]: |        .*..= .++|
[    9.947050] [cloud-init[0;32m  OK  [0m[958]: ] |        S *  .o=o|Started Set console scheme.

[    9.947091] cloud-init[958]: |         =     .=|
[    9.952850] cloud-init[958]: |        . E    .+|
[    9.953765] cloud-init[958]: |         o     =o|
[    9.964201] cloud-init[958]: |              o +|
[    9.964369] cloud-init[958]: +----[SHA256]-----+[
[0;32m  OK  [0m] Started Authenticate and Authorize Users to Run Privileged Tasks.
[[0;32m  OK  [0m] Started Accounts Service.
[[0;32m  OK  [0m] Started LSB: Set the CPU Frequency Scaling governor to "ondemand".
[[0;32m  OK  [0m] Started LSB: automatic crash report generation.
[[0;32m  OK  [0m] Started Snappy daemon.
         Starting Wait until snapd is fully seeded...
[[0;32m  OK  [0m] Started Pollinate to seed the pseudo random number generator.
         Starting OpenBSD Secure Shell server...
[[0;32m  OK  [0m] Started OpenBSD Secure Shell server.
[[0;32m  OK  [0m] Started Wait until snapd is fully seeded.
         Starting Apply the settings specified in cloud-config...
[[0;32m  OK  [0m] Reached target Multi-User System.
[[0;32m  OK  [0m] Reached target Graphical Interface.
         Starting Update UTMP about System Runlevel Changes...
[[0;32m  OK  [0m] Started Update UTMP about System Runlevel Changes.
[[0;32m  OK  [0m] Created slice User Slice of vagrant.
[   12.255045] cloud-init[1323]: Generating locales (this might take a while)...
         Starting User Manager for UID 1000...
[[0;32m  OK  [0m] Started Session 1 of user vagrant.
[[0;32m  OK  [0m] Started User Manager for UID 1000.
[   13.148645] cloud-init[1323]:   en_US.UTF-8... done
[   13.156386] cloud-init[1323]: Generation complete.
[   13.469280] cloud-init[1323]: Cloud-init v. 19.4-33-gbb4131a2-0ubuntu1~16.04.1 running 'modules:config' at Sat, 27 Jun 2020 15:44:23 +0000. Up 11.91 seconds.
[[0;32m  OK  [0m] Started Apply the settings specified in cloud-config.
         Starting Execute cloud user/final scripts...
ci-info: no authorized SSH keys fingerprints found for user ubuntu.
<14>Jun 27 15:44:25 ec2: 
<14>Jun 27 15:44:25 ec2: #############################################################
<14>Jun 27 15:44:25 ec2: -----BEGIN SSH HOST KEY FINGERPRINTS-----
<14>Jun 27 15:44:25 ec2: 1024 SHA256:yVXe0G4I7FpcZ188ZbGvVTk5qJylfWwdOX3n0QKlMio root@ubuntu-xenial (DSA)
<14>Jun 27 15:44:25 ec2: 256 SHA256:4gxE51D3XanBaBdHkpmp66Rohx3qQNPmqjsOqsvoJpk root@ubuntu-xenial (ECDSA)
<14>Jun 27 15:44:25 ec2: 256 SHA256:x5aQewTBHYQPl4wOgHycXf3JfE++9vFYHd2SZYik+nI root@ubuntu-xenial (ED25519)
<14>Jun 27 15:44:25 ec2: 2048 SHA256:aMJKqTJ10yQNlffgFpUatZcgc2qAUXCJ0FOvVmv2k1A root@ubuntu-xenial (RSA)
<14>Jun 27 15:44:25 ec2: -----END SSH HOST KEY FINGERPRINTS-----
<14>Jun 27 15:44:25 ec2: #############################################################
-----BEGIN SSH HOST KEY KEYS-----
ecdsa-sha2-nistp256 AAAAE2VjZHNhLXNoYTItbmlzdHAyNTYAAAAIbmlzdHAyNTYAAABBBD0WPcnEIo5HsqgZTrsGAekfASjGknTTzYdKyYdXV4Xr1XQhIyJ14Vx7pBkApEoxacGyYuA9R0rCIUY4LVBvYZ0= root@ubuntu-xenial
ssh-ed25519 AAAAC3NzaC1lZDI1NTE5AAAAIOe4t82SlidzCEvveMZ2CF+mUmHKJ2HybIbrHXo67Ds9 root@ubuntu-xenial
ssh-rsa AAAAB3NzaC1yc2EAAAADAQABAAABAQC7E1sEPVEPUe+xSTK853On47xY45UOZD0xiMiQ1ugZdDNLEJzr23dXmkULOHQxM9OXfrJCkBxMbt3w5dT74hllJ+HOORZ3BL0UtMrOiMVXU7GJUz51gLCdVucOM795goo9P8B9I1wqfug3B02n8r0RIn5MOEj1Wq/+KVfltLnDB4v+DZG1BhPAsa7fCOF5ulqcGLv6XDPucyLPJIoNMLt1vkJO9/TEkc3DSx58RT9x5gEFCBiokajrhM8UHq79iNCdS+u3wQJ40DhK55r3j2NmIGCUMNAbN3dzoMELtbZQl1Rk0J0FzRq7UQa4Fzf1NxG3YCr6mJynuFfUTLXRgoIp root@ubuntu-xenial
-----END SSH HOST KEY KEYS-----
[   13.936372] cloud-init[1477]: Cloud-init v. 19.4-33-gbb4131a2-0ubuntu1~16.04.1 running 'modules:final' at Sat, 27 Jun 2020 15:44:25 +0000. Up 13.80 seconds.
[   13.944409] cloud-init[1477]: ci-info: no authorized SSH keys fingerprints found for user ubuntu.
[   13.952697] cloud-init[1477]: Cloud-init v. 19.4-33-gbb4131a2-0ubuntu1~16.04.1 finished at Sat, 27 Jun 2020 15:44:25 +0000. Datasource DataSourceNoCloud [seed=/dev/sdb][dsmode=net].  Up 13.93 seconds
[[0;32m  OK  [0m] Started Execute cloud user/final scripts.
[[0;32m  OK  [0m] Reached target Cloud-init target.

Ubuntu 16.04.6 LTS ubuntu-xenial ttyS0

ubuntu-xenial login:                                                                                                                                                                                                                                                                                                                                                                                                                                                                                                                                                                                                                                                                                                                                                                                                                                                                                                                                                                                                                                                                                                                                                                                                                                                                                                                                                                                                                                                                                                                                                                                                                                                                                                                                                                                                                                                                                                                                                                                                                                                                                                                                                                                                                                                                                                                                                                                                                                                                                                                                                                                                                                                                                                                                                                                                                                                                                                                                                                                                                                                                                                                                                                                                                                                                                                                                                                                                                                                                                                                                                                                                                                                                                                                                                                                                                                                                                                                                                                                                                                                                                                                                                                                                                                                                                                                                                                                                                                                                                                                                                                                                                                                                                                                                                                                                                                                                                                                                                                                                                                                                                                                                                                                                                                                                                                                                                                                                                                                                                                                                                                                                                                                                                                                                                                                                                                                                                                                                                                                                                                                                                                                                                                                                                                                                                                                                                                                                                                                                                                                                                                                                                                                                                                                                                                                                                                                                                                                                                                                                                                                                                                                                                                                                                                                                                                                                                                                                                                                                                                                                                                                                                                                                                                                                                                                                                                                                                                                                                                                                                                                                                                                                                                                                                                                                                                                                                                                                                                                                                                                                                                                                                                                                                                                                                                                                                                                                                                                                                                                                                                                                                                                                                                                                                                                                                                                                                                                                                                                                                                                                                                                                                                                                                                                                                                                                                                                 [  940.051684] sd 2:0:0:0: rejecting I/O to offline device
[  940.052861] sd 2:0:0:0: rejecting I/O to offline device
[  940.053926] sd 2:0:0:0: rejecting I/O to offline device
[  940.054961] sd 2:0:0:0: rejecting I/O to offline device
[  940.055976] sd 2:0:0:0: rejecting I/O to offline device
[  940.057001] sd 2:0:0:0: rejecting I/O to offline device
[  940.058021] sd 2:0:0:0: rejecting I/O to offline device
[  940.059056] sd 2:0:0:0: rejecting I/O to offline device
[  940.060054] sd 2:0:0:0: rejecting I/O to offline device
[  940.061037] sd 2:0:0:0: rejecting I/O to offline device
[  940.062189] sd 2:0:0:0: rejecting I/O to offline device
[  940.063181] sd 2:0:0:0: rejecting I/O to offline device
[  940.064264] sd 2:0:0:0: rejecting I/O to offline device
[  940.065535] sd 2:0:0:0: rejecting I/O to offline device
[  940.066518] sd 2:0:0:0: rejecting I/O to offline device
[  940.067503] sd 2:0:0:0: rejecting I/O to offline device
[  940.068525] sd 2:0:0:0: rejecting I/O to offline device
[  940.069506] sd 2:0:0:0: rejecting I/O to offline device
[  940.070625] sd 2:0:0:0: rejecting I/O to offline device
[  940.071632] sd 2:0:0:0: rejecting I/O to offline device
[  940.072683] sd 2:0:0:0: rejecting I/O to offline device
[  940.073747] sd 2:0:0:0: rejecting I/O to offline device
[  940.074770] sd 2:0:0:0: rejecting I/O to offline device
[  940.075789] sd 2:0:0:0: rejecting I/O to offline device
[  940.076778] sd 2:0:0:0: rejecting I/O to offline device
[  940.077899] sd 2:0:0:0: rejecting I/O to offline device
[  940.078894] sd 2:0:0:0: rejecting I/O to offline device
[  940.079880] sd 2:0:0:0: rejecting I/O to offline device
[  940.080901] sd 2:0:0:0: rejecting I/O to offline device
[  940.081962] sd 2:0:0:0: rejecting I/O to offline device
[  940.082946] sd 2:0:0:0: rejecting I/O to offline device
[  940.083967] sd 2:0:0:0: rejecting I/O to offline device
[  940.084962] sd 2:0:0:0: rejecting I/O to offline device
[  940.086017] sd 2:0:0:0: rejecting I/O to offline device
[  940.087152] sd 2:0:0:0: rejecting I/O to offline device
[  940.088186] sd 2:0:0:0: rejecting I/O to offline device
[  940.089216] sd 2:0:0:0: rejecting I/O to offline device
[  940.090263] sd 2:0:0:0: rejecting I/O to offline device
[  940.091252] sd 2:0:0:0: rejecting I/O to offline device
[  940.092442] sd 2:0:0:0: rejecting I/O to offline device
[  940.093652] sd 2:0:0:0: rejecting I/O to offline device
[  940.094674] sd 2:0:0:0: rejecting I/O to offline device
[  940.095662] sd 2:0:0:0: rejecting I/O to offline device
[  940.096663] sd 2:0:0:0: rejecting I/O to offline device
[  940.097746] sd 2:0:0:0: rejecting I/O to offline device
[  940.098754] sd 2:0:0:0: rejecting I/O to offline device
[  940.099780] sd 2:0:0:0: rejecting I/O to offline device
[  940.100758] sd 2:0:0:0: rejecting I/O to offline device
[  940.112115] sd 2:0:0:0: rejecting I/O to offline device
[  940.113329] sd 2:0:0:0: rejecting I/O to offline device
[  940.114322] sd 2:0:0:0: rejecting I/O to offline device
[  940.115328] sd 2:0:0:0: rejecting I/O to offline device
[  940.116321] sd 2:0:0:0: rejecting I/O to offline device
[  940.117310] sd 2:0:0:0: rejecting I/O to offline device
[  940.118351] sd 2:0:0:0: rejecting I/O to offline device
[  940.119347] sd 2:0:0:0: rejecting I/O to offline device
[  940.120338] sd 2:0:0:0: rejecting I/O to offline device
[  940.121383] sd 2:0:0:0: rejecting I/O to offline device
[  940.122434] sd 2:0:0:0: rejecting I/O to offline device
[  940.123496] sd 2:0:0:0: rejecting I/O to offline device
[  940.124515] sd 2:0:0:0: rejecting I/O to offline device
